<?xml version="1.0" encoding="UTF-8"?>
<!-- Generated by org.testng.reporters.JUnitReportReporter -->
<testsuite hostname="Aniket-LenovoPC" failures="0" tests="1" name="testCases.Test_AccRegistrationPage" time="3.169" errors="0" timestamp="2024-09-01T21:16:24 IST" skipped="0">
  <testcase classname="testCases.Test_AccRegistrationPage" name="verify_account_regidtration" time="3.169"/>
</testsuite> <!-- testCases.Test_AccRegistrationPage -->
