<?xml version="1.0" encoding="UTF-8"?>
<!-- Generated by org.testng.reporters.JUnitReportReporter -->
<testsuite hostname="Aniket-LenovoPC" failures="0" tests="1" name="testCases.Test_AccRegistrationPage" time="3.986" errors="0" timestamp="2024-08-31T19:42:00 IST" skipped="0">
  <testcase classname="testCases.Test_AccRegistrationPage" name="verify_account_regidtration" time="3.986"/>
</testsuite> <!-- testCases.Test_AccRegistrationPage -->
