<?xml version="1.0" encoding="UTF-8"?>
<!-- Generated by org.testng.reporters.JUnitReportReporter -->
<testsuite hostname="DESKTOP-UO8VJGU" failures="0" tests="5" name="testCases.Test_dataDriven_loginTest" time="164.741" errors="0" timestamp="2024-08-29T20:22:51 IST" skipped="0">
  <testcase classname="testCases.Test_dataDriven_loginTest" name="verify_logindriventest" time="52.123"/>
  <testcase classname="testCases.Test_dataDriven_loginTest" name="verify_logindriventest" time="52.788"/>
  <testcase classname="testCases.Test_dataDriven_loginTest" name="verify_logindriventest" time="3.766"/>
  <testcase classname="testCases.Test_dataDriven_loginTest" name="verify_logindriventest" time="52.403"/>
  <testcase classname="testCases.Test_dataDriven_loginTest" name="verify_logindriventest" time="3.661"/>
</testsuite> <!-- testCases.Test_dataDriven_loginTest -->
