<?xml version="1.0" encoding="UTF-8"?>
<!-- Generated by org.testng.reporters.JUnitReportReporter -->
<testsuite hostname="DESKTOP-UO8VJGU" failures="0" tests="1" name="testCases.Test_LoginPage" time="1.514" errors="0" timestamp="2024-08-31T12:17:00 IST" skipped="0">
  <testcase classname="testCases.Test_LoginPage" name="verify_Login" time="1.514"/>
</testsuite> <!-- testCases.Test_LoginPage -->
