<?xml version="1.0" encoding="UTF-8"?>
<!-- Generated by org.testng.reporters.JUnitReportReporter -->
<testsuite hostname="Aniket-LenovoPC" failures="0" tests="1" name="testCases.Test_LoginPage" time="1.954" errors="0" timestamp="2024-09-01T21:16:24 IST" skipped="0">
  <testcase classname="testCases.Test_LoginPage" name="verify_Login" time="1.954"/>
</testsuite> <!-- testCases.Test_LoginPage -->
