<?xml version="1.0" encoding="UTF-8"?>
<!-- Generated by org.testng.reporters.JUnitReportReporter -->
<testsuite hostname="Aniket-LenovoPC" failures="0" tests="1" name="testCases.Test_SearchPageProduct" time="0.900" errors="0" timestamp="2024-09-01T21:16:24 IST" skipped="0">
  <testcase classname="testCases.Test_SearchPageProduct" name="verify_pruductSearch" time="0.900"/>
</testsuite> <!-- testCases.Test_SearchPageProduct -->
